#
# There is insufficient memory for the Java Runtime Environment to continue.
# Native memory allocation (malloc) failed to allocate 32744 bytes for ChunkPool::allocate
# Possible reasons:
#   The system is out of physical RAM or swap space
#   The process is running with CompressedOops enabled, and the Java Heap may be blocking the growth of the native heap
# Possible solutions:
#   Reduce memory load on the system
#   Increase physical memory or swap space
#   Check if swap backing store is full
#   Decrease Java heap size (-Xmx/-Xms)
#   Decrease number of Java threads
#   Decrease Java thread stack sizes (-Xss)
#   Set larger code cache with -XX:ReservedCodeCacheSize=
#   JVM is running with Unscaled Compressed Oops mode in which the Java heap is
#     placed in the first 4GB address space. The Java Heap base address is the
#     maximum limit for the native heap growth. Please use -XX:HeapBaseMinAddress
#     to set the Java Heap base and to place the Java Heap above 4GB virtual address.
# This output file may be truncated or incomplete.
#
#  Out of Memory Error (allocation.cpp:272), pid=9704, tid=0x0000000000002328
#
# JRE version: Java(TM) SE Runtime Environment (8.0_251-b08) (build 1.8.0_251-b08)
# Java VM: Java HotSpot(TM) 64-Bit Server VM (25.251-b08 mixed mode windows-amd64 compressed oops)
# Failed to write core dump. Minidumps are not enabled by default on client versions of Windows
#

---------------  T H R E A D  ---------------

Current thread (0x000000005923f800):  JavaThread "C1 CompilerThread2" daemon [_thread_in_native, id=9000, stack(0x0000000059c40000,0x0000000059d40000)]

Stack: [0x0000000059c40000,0x0000000059d40000]
[error occurred during error reporting (printing stack bounds), id 0xc0000005]

Native frames: (J=compiled Java code, j=interpreted, Vv=VM code, C=native code)


Current CompileTask:
C1:   7358 3837       1       org.springframework.asm.ClassReader::readCode (5085 bytes)


---------------  P R O C E S S  ---------------

Java Threads: ( => current thread )
  0x0000000059030800 JavaThread "HikariPool-1 connection adder" daemon [_thread_blocked, id=9136, stack(0x000000005f190000,0x000000005f290000)]
  0x0000000059030000 JavaThread "ForkJoinPool.commonPool-worker-3" daemon [_thread_blocked, id=2780, stack(0x000000005ee30000,0x000000005ef30000)]
  0x000000005902f000 JavaThread "ForkJoinPool.commonPool-worker-2" daemon [_thread_blocked, id=7428, stack(0x000000005ecd0000,0x000000005edd0000)]
  0x0000000058882800 JavaThread "ForkJoinPool.commonPool-worker-1" daemon [_thread_blocked, id=9296, stack(0x000000005eb50000,0x000000005ec50000)]
  0x0000000058882000 JavaThread "HikariPool-1 housekeeper" daemon [_thread_blocked, id=8376, stack(0x000000005ea50000,0x000000005eb50000)]
  0x000000005a9af000 JavaThread "mysql-cj-abandoned-connection-cleanup" daemon [_thread_blocked, id=8256, stack(0x000000005e2c0000,0x000000005e3c0000)]
  0x000000005ceca800 JavaThread "container-0" [_thread_blocked, id=7260, stack(0x000000005e4b0000,0x000000005e5b0000)]
  0x000000005cea0000 JavaThread "Catalina-utility-2" [_thread_blocked, id=9932, stack(0x000000005b690000,0x000000005b790000)]
  0x000000005ce9f000 JavaThread "Catalina-utility-1" [_thread_blocked, id=9848, stack(0x000000005e0c0000,0x000000005e1c0000)]
  0x000000005a922000 JavaThread "RMI TCP Connection(3)-192.168.188.62" daemon [_thread_in_native, id=9632, stack(0x000000005bc10000,0x000000005bd10000)]
  0x000000005a6ca800 JavaThread "RMI Scheduler(0)" daemon [_thread_blocked, id=8908, stack(0x000000005bd70000,0x000000005be70000)]
  0x000000005a6ae800 JavaThread "RMI TCP Connection(2)-192.168.188.62" daemon [_thread_in_native, id=9876, stack(0x000000005b880000,0x000000005b980000)]
  0x0000000059566000 JavaThread "RMI TCP Accept-0" daemon [_thread_in_native, id=7348, stack(0x000000005a290000,0x000000005a390000)]
  0x000000005925d800 JavaThread "Service Thread" daemon [_thread_blocked, id=8656, stack(0x0000000059d80000,0x0000000059e80000)]
=>0x000000005923f800 JavaThread "C1 CompilerThread2" daemon [_thread_in_native, id=9000, stack(0x0000000059c40000,0x0000000059d40000)]
  0x000000005923e800 JavaThread "C2 CompilerThread1" daemon [_thread_blocked, id=3528, stack(0x0000000059990000,0x0000000059a90000)]
  0x000000005923d800 JavaThread "C2 CompilerThread0" daemon [_thread_blocked, id=7828, stack(0x0000000059800000,0x0000000059900000)]
  0x0000000059234000 JavaThread "Monitor Ctrl-Break" daemon [_thread_in_native, id=9852, stack(0x0000000059680000,0x0000000059780000)]
  0x00000000587e3000 JavaThread "Attach Listener" daemon [_thread_blocked, id=3560, stack(0x0000000058c80000,0x0000000058d80000)]
  0x00000000574cf000 JavaThread "Signal Dispatcher" daemon [_thread_blocked, id=9004, stack(0x0000000058d80000,0x0000000058e80000)]
  0x00000000574b6000 JavaThread "Finalizer" daemon [_thread_blocked, id=6684, stack(0x00000000583f0000,0x00000000584f0000)]
  0x00000000574af000 JavaThread "Reference Handler" daemon [_thread_blocked, id=280, stack(0x00000000586d0000,0x00000000587d0000)]
  0x00000000020ac800 JavaThread "main" [_thread_in_Java, id=9728, stack(0x0000000002270000,0x0000000002370000)]

Other Threads:
  0x0000000057467800 VMThread [stack: 0x0000000058540000,0x0000000058640000] [id=7140]
  0x0000000059571000 WatcherThread [stack: 0x000000005a3c0000,0x000000005a4c0000] [id=5652]

VM state:not at safepoint (normal execution)

VM Mutex/Monitor currently owned by a thread: None

heap address: 0x0000000080e00000, size: 2034 MB, Compressed Oops mode: 32-bit
Narrow klass base: 0x0000000000000000, Narrow klass shift: 0
Compressed class space size: 1073741824 Address: 0x0000000016ad0000

Heap:
 PSYoungGen      total 461312K, used 81965K [0x00000000d5a00000, 0x00000000f4880000, 0x0000000100000000)
  eden space 445952K, 18% used [0x00000000d5a00000,0x00000000daa0b460,0x00000000f0d80000)
  from space 15360K, 0% used [0x00000000f1c80000,0x00000000f1c80000,0x00000000f2b80000)
  to   space 15360K, 0% used [0x00000000f0d80000,0x00000000f0d80000,0x00000000f1c80000)
 ParOldGen       total 69120K, used 15960K [0x0000000080e00000, 0x0000000085180000, 0x00000000d5a00000)
  object space 69120K, 23% used [0x0000000080e00000,0x0000000081d96170,0x0000000085180000)
 Metaspace       used 38736K, capacity 40636K, committed 40960K, reserved 1085440K
  class space    used 5153K, capacity 5536K, committed 5632K, reserved 1048576K

Card table byte_map: [0x0000000011970000,0x0000000011d70000] byte_map_base: 0x0000000011569000

Marking Bits: (ParMarkBitMap*) 0x000000006986af90
 Begin Bits: [0x0000000012740000, 0x0000000014708000)
 End Bits:   [0x0000000014708000, 0x00000000166d0000)

Polling page: 0x0000000000220000

CodeCache: size=245760Kb used=7503Kb max_used=7503Kb free=238256Kb
 bounds [0x00000000025b0000, 0x0000000002d10000, 0x00000000115b0000]
 total_blobs=4332 nmethods=3834 adapters=410
 compilation: enabled

Compilation events (10 events):
Event: 7.305 Thread 0x000000005923f800 nmethod 3836 0x0000000002d00e90 code [0x0000000002d01020, 0x0000000002d013b8]
Event: 7.305 Thread 0x000000005923f800 3832   !   1       java.io.ObjectOutputStream::defaultWriteFields (270 bytes)
Event: 7.305 Thread 0x000000005923f800 nmethod 3832 0x0000000002d01710 code [0x0000000002d01900, 0x0000000002d01f58]
Event: 7.305 Thread 0x000000005923f800 3835       1       java.io.ObjectStreamClass$FieldReflector::getPrimFieldValues (317 bytes)
Event: 7.305 Thread 0x000000005923f800 nmethod 3835 0x0000000002d02650 code [0x0000000002d02840, 0x0000000002d02e28]
Event: 7.305 Thread 0x000000005923f800 3833       1       java.io.ObjectStreamClass::checkDefaultSerialize (20 bytes)
Event: 7.306 Thread 0x000000005923f800 nmethod 3833 0x0000000002d03590 code [0x0000000002d03700, 0x0000000002d03958]
Event: 7.306 Thread 0x000000005923f800 3834       1       java.io.ObjectStreamClass::getPrimFieldValues (10 bytes)
Event: 7.306 Thread 0x000000005923f800 nmethod 3834 0x0000000002d03ad0 code [0x0000000002d03c20, 0x0000000002d03d68]
Event: 7.309 Thread 0x000000005923f800 3837       1       org.springframework.asm.ClassReader::readCode (5085 bytes)

GC Heap History (10 events):
Event: 2.555 GC heap before
{Heap before GC invocations=6 (full 1):
 PSYoungGen      total 138240K, used 5094K [0x00000000d5a00000, 0x00000000e7200000, 0x0000000100000000)
  eden space 133120K, 0% used [0x00000000d5a00000,0x00000000d5a00000,0x00000000ddc00000)
  from space 5120K, 99% used [0x00000000ddc00000,0x00000000de0f9950,0x00000000de100000)
  to   space 10240K, 0% used [0x00000000e6800000,0x00000000e6800000,0x00000000e7200000)
 ParOldGen       total 87552K, used 7344K [0x0000000080e00000, 0x0000000086380000, 0x00000000d5a00000)
  object space 87552K, 8% used [0x0000000080e00000,0x000000008152c0b8,0x0000000086380000)
 Metaspace       used 20493K, capacity 21240K, committed 21296K, reserved 1067008K
  class space    used 2728K, capacity 2944K, committed 2944K, reserved 1048576K
Event: 2.614 GC heap after
Heap after GC invocations=6 (full 1):
 PSYoungGen      total 138240K, used 0K [0x00000000d5a00000, 0x00000000e7200000, 0x0000000100000000)
  eden space 133120K, 0% used [0x00000000d5a00000,0x00000000d5a00000,0x00000000ddc00000)
  from space 5120K, 0% used [0x00000000ddc00000,0x00000000ddc00000,0x00000000de100000)
  to   space 10240K, 0% used [0x00000000e6800000,0x00000000e6800000,0x00000000e7200000)
 ParOldGen       total 49664K, used 6039K [0x0000000080e00000, 0x0000000083e80000, 0x00000000d5a00000)
  object space 49664K, 12% used [0x0000000080e00000,0x00000000813e5ff0,0x0000000083e80000)
 Metaspace       used 20493K, capacity 21240K, committed 21296K, reserved 1067008K
  class space    used 2728K, capacity 2944K, committed 2944K, reserved 1048576K
}
Event: 3.582 GC heap before
{Heap before GC invocations=7 (full 1):
 PSYoungGen      total 138240K, used 133120K [0x00000000d5a00000, 0x00000000e7200000, 0x0000000100000000)
  eden space 133120K, 100% used [0x00000000d5a00000,0x00000000ddc00000,0x00000000ddc00000)
  from space 5120K, 0% used [0x00000000ddc00000,0x00000000ddc00000,0x00000000de100000)
  to   space 10240K, 0% used [0x00000000e6800000,0x00000000e6800000,0x00000000e7200000)
 ParOldGen       total 49664K, used 6039K [0x0000000080e00000, 0x0000000083e80000, 0x00000000d5a00000)
  object space 49664K, 12% used [0x0000000080e00000,0x00000000813e5ff0,0x0000000083e80000)
 Metaspace       used 23714K, capacity 24786K, committed 25088K, reserved 1071104K
  class space    used 3234K, capacity 3479K, committed 3584K, reserved 1048576K
Event: 3.589 GC heap after
Heap after GC invocations=7 (full 1):
 PSYoungGen      total 250368K, used 8652K [0x00000000d5a00000, 0x00000000e7080000, 0x0000000100000000)
  eden space 241664K, 0% used [0x00000000d5a00000,0x00000000d5a00000,0x00000000e4600000)
  from space 8704K, 99% used [0x00000000e6800000,0x00000000e7073158,0x00000000e7080000)
  to   space 11264K, 0% used [0x00000000e5a80000,0x00000000e5a80000,0x00000000e6580000)
 ParOldGen       total 49664K, used 6047K [0x0000000080e00000, 0x0000000083e80000, 0x00000000d5a00000)
  object space 49664K, 12% used [0x0000000080e00000,0x00000000813e7ff0,0x0000000083e80000)
 Metaspace       used 23714K, capacity 24786K, committed 25088K, reserved 1071104K
  class space    used 3234K, capacity 3479K, committed 3584K, reserved 1048576K
}
Event: 5.714 GC heap before
{Heap before GC invocations=8 (full 1):
 PSYoungGen      total 250368K, used 250316K [0x00000000d5a00000, 0x00000000e7080000, 0x0000000100000000)
  eden space 241664K, 100% used [0x00000000d5a00000,0x00000000e4600000,0x00000000e4600000)
  from space 8704K, 99% used [0x00000000e6800000,0x00000000e7073158,0x00000000e7080000)
  to   space 11264K, 0% used [0x00000000e5a80000,0x00000000e5a80000,0x00000000e6580000)
 ParOldGen       total 49664K, used 6047K [0x0000000080e00000, 0x0000000083e80000, 0x00000000d5a00000)
  object space 49664K, 12% used [0x0000000080e00000,0x00000000813e7ff0,0x0000000083e80000)
 Metaspace       used 32369K, capacity 34048K, committed 34176K, reserved 1079296K
  class space    used 4373K, capacity 4694K, committed 4736K, reserved 1048576K
Event: 6.235 GC heap after
Heap after GC invocations=8 (full 1):
 PSYoungGen      total 273920K, used 11238K [0x00000000d5a00000, 0x00000000f2b80000, 0x0000000100000000)
  eden space 262656K, 0% used [0x00000000d5a00000,0x00000000d5a00000,0x00000000e5a80000)
  from space 11264K, 99% used [0x00000000e5a80000,0x00000000e6579948,0x00000000e6580000)
  to   space 15360K, 0% used [0x00000000f1c80000,0x00000000f1c80000,0x00000000f2b80000)
 ParOldGen       total 49664K, used 11483K [0x0000000080e00000, 0x0000000083e80000, 0x00000000d5a00000)
  object space 49664K, 23% used [0x0000000080e00000,0x0000000081936e30,0x0000000083e80000)
 Metaspace       used 32369K, capacity 34048K, committed 34176K, reserved 1079296K
  class space    used 4373K, capacity 4694K, committed 4736K, reserved 1048576K
}
Event: 6.675 GC heap before
{Heap before GC invocations=9 (full 1):
 PSYoungGen      total 273920K, used 42735K [0x00000000d5a00000, 0x00000000f2b80000, 0x0000000100000000)
  eden space 262656K, 11% used [0x00000000d5a00000,0x00000000d78c23b0,0x00000000e5a80000)
  from space 11264K, 99% used [0x00000000e5a80000,0x00000000e6579948,0x00000000e6580000)
  to   space 15360K, 0% used [0x00000000f1c80000,0x00000000f1c80000,0x00000000f2b80000)
 ParOldGen       total 49664K, used 11483K [0x0000000080e00000, 0x0000000083e80000, 0x00000000d5a00000)
  object space 49664K, 23% used [0x0000000080e00000,0x0000000081936e30,0x0000000083e80000)
 Metaspace       used 33559K, capacity 35302K, committed 35456K, reserved 1079296K
  class space    used 4537K, capacity 4885K, committed 4992K, reserved 1048576K
Event: 6.683 GC heap after
Heap after GC invocations=9 (full 1):
 PSYoungGen      total 461312K, used 10256K [0x00000000d5a00000, 0x00000000f4880000, 0x0000000100000000)
  eden space 445952K, 0% used [0x00000000d5a00000,0x00000000d5a00000,0x00000000f0d80000)
  from space 15360K, 66% used [0x00000000f1c80000,0x00000000f2684090,0x00000000f2b80000)
  to   space 15360K, 0% used [0x00000000f0d80000,0x00000000f0d80000,0x00000000f1c80000)
 ParOldGen       total 49664K, used 11491K [0x0000000080e00000, 0x0000000083e80000, 0x00000000d5a00000)
  object space 49664K, 23% used [0x0000000080e00000,0x0000000081938e30,0x0000000083e80000)
 Metaspace       used 33559K, capacity 35302K, committed 35456K, reserved 1079296K
  class space    used 4537K, capacity 4885K, committed 4992K, reserved 1048576K
}
Event: 6.683 GC heap before
{Heap before GC invocations=10 (full 2):
 PSYoungGen      total 461312K, used 10256K [0x00000000d5a00000, 0x00000000f4880000, 0x0000000100000000)
  eden space 445952K, 0% used [0x00000000d5a00000,0x00000000d5a00000,0x00000000f0d80000)
  from space 15360K, 66% used [0x00000000f1c80000,0x00000000f2684090,0x00000000f2b80000)
  to   space 15360K, 0% used [0x00000000f0d80000,0x00000000f0d80000,0x00000000f1c80000)
 ParOldGen       total 49664K, used 11491K [0x0000000080e00000, 0x0000000083e80000, 0x00000000d5a00000)
  object space 49664K, 23% used [0x0000000080e00000,0x0000000081938e30,0x0000000083e80000)
 Metaspace       used 33559K, capacity 35302K, committed 35456K, reserved 1079296K
  class space    used 4537K, capacity 4885K, committed 4992K, reserved 1048576K
Event: 6.794 GC heap after
Heap after GC invocations=10 (full 2):
 PSYoungGen      total 461312K, used 0K [0x00000000d5a00000, 0x00000000f4880000, 0x0000000100000000)
  eden space 445952K, 0% used [0x00000000d5a00000,0x00000000d5a00000,0x00000000f0d80000)
  from space 15360K, 0% used [0x00000000f1c80000,0x00000000f1c80000,0x00000000f2b80000)
  to   space 15360K, 0% used [0x00000000f0d80000,0x00000000f0d80000,0x00000000f1c80000)
 ParOldGen       total 69120K, used 15960K [0x0000000080e00000, 0x0000000085180000, 0x00000000d5a00000)
  object space 69120K, 23% used [0x0000000080e00000,0x0000000081d96170,0x0000000085180000)
 Metaspace       used 33559K, capacity 35302K, committed 35456K, reserved 1079296K
  class space    used 4537K, capacity 4885K, committed 4992K, reserved 1048576K
}

Deoptimization events (0 events):
No events

Classes redefined (0 events):
No events

Internal exceptions (10 events):
Event: 7.226 Thread 0x00000000020ac800 Exception <a 'java/lang/ArrayIndexOutOfBoundsException'> (0x00000000d9898510) thrown at [C:\jenkins\workspace\8-2-build-windows-amd64-cygwin\jdk8u251\737\hotspot\src\share\vm\runtime\sharedRuntime.cpp, line 605]
Event: 7.227 Thread 0x00000000020ac800 Exception <a 'java/lang/ClassNotFoundException': org/springframework/context/ApplicationContextAwareCustomizer> (0x00000000d98cad18) thrown at [C:\jenkins\workspace\8-2-build-windows-amd64-cygwin\jdk8u251\737\hotspot\src\share\vm\classfile\systemDictionar
Event: 7.227 Thread 0x00000000020ac800 Exception <a 'java/lang/ClassNotFoundException': org/springframework/beans/factory/AwareCustomizer> (0x00000000d98f5368) thrown at [C:\jenkins\workspace\8-2-build-windows-amd64-cygwin\jdk8u251\737\hotspot\src\share\vm\classfile\systemDictionary.cpp, line 
Event: 7.227 Thread 0x00000000020ac800 Exception <a 'java/lang/ClassNotFoundException': org/springframework/context/ApplicationListenerCustomizer> (0x00000000d99225b0) thrown at [C:\jenkins\workspace\8-2-build-windows-amd64-cygwin\jdk8u251\737\hotspot\src\share\vm\classfile\systemDictionary.cp
Event: 7.227 Thread 0x00000000020ac800 Exception <a 'java/lang/ArrayIndexOutOfBoundsException'> (0x00000000d99230f0) thrown at [C:\jenkins\workspace\8-2-build-windows-amd64-cygwin\jdk8u251\737\hotspot\src\share\vm\runtime\sharedRuntime.cpp, line 605]
Event: 7.228 Thread 0x00000000020ac800 Exception <a 'java/lang/ClassNotFoundException': java/util/EventListenerCustomizer> (0x00000000d9934430) thrown at [C:\jenkins\workspace\8-2-build-windows-amd64-cygwin\jdk8u251\737\hotspot\src\share\vm\classfile\systemDictionary.cpp, line 210]
Event: 7.228 Thread 0x00000000020ac800 Exception <a 'java/lang/ClassNotFoundException': org/springframework/beans/factory/InitializingBeanCustomizer> (0x00000000d9963818) thrown at [C:\jenkins\workspace\8-2-build-windows-amd64-cygwin\jdk8u251\737\hotspot\src\share\vm\classfile\systemDictionary
Event: 7.295 Thread 0x00000000020ac800 Exception <a 'java/lang/ArrayIndexOutOfBoundsException'> (0x00000000da29fe10) thrown at [C:\jenkins\workspace\8-2-build-windows-amd64-cygwin\jdk8u251\737\hotspot\src\share\vm\runtime\sharedRuntime.cpp, line 605]
Event: 7.300 Thread 0x00000000020ac800 Exception <a 'java/lang/ArrayIndexOutOfBoundsException'> (0x00000000da2fb3d0) thrown at [C:\jenkins\workspace\8-2-build-windows-amd64-cygwin\jdk8u251\737\hotspot\src\share\vm\runtime\sharedRuntime.cpp, line 605]
Event: 7.304 Thread 0x000000005a922000 Exception <a 'java/lang/reflect/InvocationTargetException'> (0x00000000d5a16fe0) thrown at [C:\jenkins\workspace\8-2-build-windows-amd64-cygwin\jdk8u251\737\hotspot\src\share\vm\runtime\reflection.cpp, line 1092]

Events (10 events):
Event: 7.305 loading class com/google/common/collect/FluentIterable done
Event: 7.310 loading class springfox/documentation/schema/CachingModelDependencyProvider$1
Event: 7.310 loading class springfox/documentation/schema/CachingModelDependencyProvider$1 done
Event: 7.310 Executing VM operation: RevokeBias
Event: 7.310 Executing VM operation: RevokeBias done
Event: 7.310 Thread 0x0000000059031800 Thread exited: 0x0000000059031800
Event: 7.312 loading class springfox/documentation/schema/CachingModelProvider$1
Event: 7.312 loading class springfox/documentation/schema/CachingModelProvider$1 done
Event: 7.314 loading class com/google/common/collect/ImmutableSet
Event: 7.314 loading class com/google/common/collect/ImmutableSet done


Dynamic libraries:
0x000000013faf0000 - 0x000000013fb27000 	D:\java\bin\java.exe
0x00000000771a0000 - 0x000000007733f000 	C:\windows\SYSTEM32\ntdll.dll
0x0000000076f80000 - 0x000000007709f000 	C:\windows\system32\kernel32.dll
0x000007fefced0000 - 0x000007fefcf3a000 	C:\windows\system32\KERNELBASE.dll
0x000007feff100000 - 0x000007feff1db000 	C:\windows\system32\ADVAPI32.DLL
0x000007feff1e0000 - 0x000007feff27f000 	C:\windows\system32\msvcrt.dll
0x000007fefe630000 - 0x000007fefe64f000 	C:\windows\SYSTEM32\sechost.dll
0x000007fefefd0000 - 0x000007feff0fc000 	C:\windows\system32\RPCRT4.dll
0x00000000770a0000 - 0x000000007719a000 	C:\windows\system32\USER32.dll
0x000007fefea70000 - 0x000007fefead7000 	C:\windows\system32\GDI32.dll
0x000007fefe9a0000 - 0x000007fefe9ae000 	C:\windows\system32\LPK.dll
0x000007fefedf0000 - 0x000007fefeeba000 	C:\windows\system32\USP10.dll
0x000007fefb860000 - 0x000007fefba54000 	C:\windows\WinSxS\amd64_microsoft.windows.common-controls_6595b64144ccf1df_6.0.7601.18837_none_fa3b1e3d17594757\COMCTL32.dll
0x000007fefe5b0000 - 0x000007fefe621000 	C:\windows\system32\SHLWAPI.dll
0x000007fefe650000 - 0x000007fefe67e000 	C:\windows\system32\IMM32.DLL
0x000007fefeec0000 - 0x000007fefefc9000 	C:\windows\system32\MSCTF.dll
0x00000000736c0000 - 0x0000000073792000 	D:\java\jre\bin\msvcr100.dll
0x0000000069040000 - 0x00000000698eb000 	D:\java\jre\bin\server\jvm.dll
0x000007fefa420000 - 0x000007fefa429000 	C:\windows\system32\WSOCK32.dll
0x000007fefe950000 - 0x000007fefe99d000 	C:\windows\system32\WS2_32.dll
0x000007fefde30000 - 0x000007fefde38000 	C:\windows\system32\NSI.dll
0x000007fefa880000 - 0x000007fefa8bb000 	C:\windows\system32\WINMM.dll
0x000007fefbdd0000 - 0x000007fefbddc000 	C:\windows\system32\VERSION.dll
0x0000000077340000 - 0x0000000077347000 	C:\windows\system32\PSAPI.DLL
0x000007fefa450000 - 0x000007fefa45f000 	D:\java\jre\bin\verify.dll
0x000007fef6780000 - 0x000007fef67a9000 	D:\java\jre\bin\java.dll
0x000007fedb5b0000 - 0x000007fedb5d3000 	D:\java\jre\bin\instrument.dll
0x000007fef6760000 - 0x000007fef6776000 	D:\java\jre\bin\zip.dll
0x000007fefd0a0000 - 0x000007fefde2a000 	C:\windows\system32\SHELL32.dll
0x000007feff280000 - 0x000007feff483000 	C:\windows\system32\ole32.dll
0x000007fefcce0000 - 0x000007fefccef000 	C:\windows\system32\profapi.dll
0x000007fed9cc0000 - 0x000007fed9cda000 	D:\Program Files\JetBrains\IntelliJ IDEA 2020.2.3\bin\breakgen64.dll
0x000007fefa3b0000 - 0x000007fefa3ca000 	D:\java\jre\bin\net.dll
0x000007fefc430000 - 0x000007fefc485000 	C:\windows\system32\mswsock.dll
0x000007fefc420000 - 0x000007fefc427000 	C:\windows\System32\wship6.dll
0x000007fefbea0000 - 0x000007fefbea7000 	C:\windows\System32\wshtcpip.dll
0x000007fefc2b0000 - 0x000007fefc30b000 	C:\windows\system32\DNSAPI.dll
0x000000006f890000 - 0x000000006f8be000 	C:\Program Files\Common Files\Microsoft Shared\Windows Live\WLIDNSP.DLL
0x000007fefa350000 - 0x000007fefa377000 	C:\windows\system32\IPHLPAPI.DLL
0x000007fefa340000 - 0x000007fefa34b000 	C:\windows\system32\WINNSI.DLL
0x000007fef6f90000 - 0x000007fef6f98000 	C:\windows\system32\rasadhlp.dll
0x000007fefa180000 - 0x000007fefa1d3000 	C:\windows\System32\fwpuclnt.dll
0x000007fee6980000 - 0x000007fee698d000 	D:\java\jre\bin\management.dll
0x000007fee6ef0000 - 0x000007fee6f02000 	D:\java\jre\bin\nio.dll
0x000007fefc4d0000 - 0x000007fefc4e8000 	C:\windows\system32\CRYPTSP.dll
0x000007fefc190000 - 0x000007fefc1d7000 	C:\windows\system32\rsaenh.dll
0x000007fefd040000 - 0x000007fefd05e000 	C:\windows\system32\USERENV.dll
0x000007fefcb20000 - 0x000007fefcb2f000 	C:\windows\system32\CRYPTBASE.dll
0x000007fefa150000 - 0x000007fefa161000 	C:\windows\system32\dhcpcsvc6.DLL
0x000007fef9fc0000 - 0x000007fef9fd8000 	C:\windows\system32\dhcpcsvc.DLL
0x000007fefa6f0000 - 0x000007fefa705000 	C:\windows\system32\NLAapi.dll
0x000007fef6f70000 - 0x000007fef6f85000 	C:\windows\system32\napinsp.dll
0x000007fef6f50000 - 0x000007fef6f69000 	C:\windows\system32\pnrpnsp.dll
0x000007fef6d00000 - 0x000007fef6d0b000 	C:\windows\System32\winrnr.dll
0x000007fef6ac0000 - 0x000007fef6ad0000 	C:\windows\system32\wshbth.dll

VM Arguments:
jvm_args: -XX:TieredStopAtLevel=1 -Xverify:none -Dspring.output.ansi.enabled=always -Dcom.sun.management.jmxremote -Dspring.jmx.enabled=true -Dspring.liveBeansView.mbeanDomain -Dspring.application.admin.enabled=true -javaagent:D:\Program Files\JetBrains\IntelliJ IDEA 2020.2.3\lib\idea_rt.jar=9461:D:\Program Files\JetBrains\IntelliJ IDEA 2020.2.3\bin -Dfile.encoding=UTF-8 
java_command: com.hao.educms.CrmApplication
java_class_path (initial): D:\java\jre\lib\charsets.jar;D:\java\jre\lib\deploy.jar;D:\java\jre\lib\ext\access-bridge-64.jar;D:\java\jre\lib\ext\cldrdata.jar;D:\java\jre\lib\ext\dnsns.jar;D:\java\jre\lib\ext\jaccess.jar;D:\java\jre\lib\ext\jfxrt.jar;D:\java\jre\lib\ext\localedata.jar;D:\java\jre\lib\ext\nashorn.jar;D:\java\jre\lib\ext\sunec.jar;D:\java\jre\lib\ext\sunjce_provider.jar;D:\java\jre\lib\ext\sunmscapi.jar;D:\java\jre\lib\ext\sunpkcs11.jar;D:\java\jre\lib\ext\zipfs.jar;D:\java\jre\lib\javaws.jar;D:\java\jre\lib\jce.jar;D:\java\jre\lib\jfr.jar;D:\java\jre\lib\jfxswt.jar;D:\java\jre\lib\jsse.jar;D:\java\jre\lib\management-agent.jar;D:\java\jre\lib\plugin.jar;D:\java\jre\lib\resources.jar;D:\java\jre\lib\rt.jar;E:\workSpace_idea\guli-parent\service\service_cms\target\classes;E:\workSpace_idea\guli-parent\common\service_base\target\classes;D:\Program Files\apache-maven-3.6.3\mavenLocalRepository\org\springframework\boot\spring-boot-starter-data-redis\2.2.2.RELEASE\spring-boot-starter-data-redis-2.2.2.RELEASE.jar;D:\Program Files\apache-maven-3.6.3\mavenLocalRepository\org\springframework\data\spring-data-redis\2.2.3.RELEASE\spring-data-redis-2.2.3.RELEASE.jar;D:\Program Files\apache-maven-3.6.3\mavenLocalRepository\org\springframework\data\spring-data-keyvalue\2.2.3.RELEASE\spring-data-keyvalue-2.2.3.RELEASE.jar;D:\Program Files\apache-maven-3.6.3\mavenLocalRepository\org\springframework\data\spring-data-commons\2.2.3.RELEASE\spring-data-commons-2.2.3.RELEASE.jar;D:\Program Files\apache-maven-3.6.3\mavenLocalRepository\org\springframework\spring-tx\5.2.2.RELEASE\spring-tx-5.2.2.RELEASE.jar;D:\Program Files\apache-maven-3.6.3\mavenLocalRepository\org\springframework\spring-oxm\5.2.2.RELEASE\spring-oxm-5.2.2.RELEASE.jar;D:\Program Files\apache-maven-3.6.3\mavenLocalRepository\org\springframework\spring-context-support\5.2.2.RELEASE\spring-context-support-5.2.2.RELEASE.jar;D:\Program Files\apache-maven-3.6.3\mavenLocalRepository\io\lettuce\lettuce-core\5.2.1.RE
Launcher Type: SUN_STANDARD

Environment Variables:
JAVA_HOME=D:\java
CLASSPATH=D:\java\lib
PATH=D:\java\bin;C:\Program Files\Java\jre1.8.0_251\bin;C:\Program Files\Common Files\Microsoft Shared\Windows Live;C:\windows\system32;C:\windows;C:\windows\System32\Wbem;C:\windows\System32\WindowsPowerShell\v1.0\;C:\Program Files (x86)\Common Files\Thunder Network\KanKan\Codecs;D:\Program Files (x86)\MySQL\MySQL Server 5.5\bin;D:\Program Files\apache-maven-3.6.3\bin;C:\Program Files\nodejs\;D:\Program Files (x86)\MySQL\MySQL Server 5.5\bin;C:\Users\Administrator\AppData\Local\Programs\EmEditor;D:\Program Files\JetBrains\WebStorm 2020.1.1\bin;;D:\Users\Administrator\AppData\Local\Programs\Microsoft VS Code\bin;D:\Program Files\JetBrains\IntelliJ IDEA 2020.2.3\bin;;d:\Program Files\Bandizip\;C:\Users\Administrator\AppData\Roaming\npm
USERNAME=aHao
OS=Windows_NT
PROCESSOR_IDENTIFIER=Intel64 Family 6 Model 60 Stepping 3, GenuineIntel



---------------  S Y S T E M  ---------------

OS: Windows 7 , 64 bit Build 7601 (6.1.7601.24384)

CPU:total 4 (initial active 4) (4 cores per cpu, 1 threads per core) family 6 model 60 stepping 3, cmov, cx8, fxsr, mmx, sse, sse2, sse3, ssse3, sse4.1, sse4.2, popcnt, avx, avx2, aes, clmul, erms, lzcnt, tsc, tscinvbit, bmi1, bmi2

Memory: 4k page, physical 8324120k(49820k free), swap 10419368k(5020k free)

vm_info: Java HotSpot(TM) 64-Bit Server VM (25.251-b08) for windows-amd64 JRE (1.8.0_251-b08), built on Mar 12 2020 06:31:49 by "" with MS VC++ 10.0 (VS2010)

time: Tue Jan 05 15:19:32 2021
timezone: 中国标准时间
elapsed time: 7 seconds (0d 0h 0m 7s)

